OneDwave/build/outputs/logs/manifest-merger-debug-report.txt
-- Merging decision tree log ---
manifest
ADDED from PhysicsAndroid/OneDwave/AndroidManifest.xml:2:1-49:12
	package
		ADDED from PhysicsAndroid/OneDwave/AndroidManifest.xml:3:5-43
	android:versionName
		ADDED from PhysicsAndroid/OneDwave/AndroidManifest.xml:5:5-30
		INJECTED from PhysicsAndroid/OneDwave/AndroidManifest.xml
		INJECTED from PhysicsAndroid/OneDwave/AndroidManifest.xml
	android:versionCode
		ADDED from PhysicsAndroid/OneDwave/AndroidManifest.xml:4:5-28
		INJECTED from PhysicsAndroid/OneDwave/AndroidManifest.xml
		INJECTED from PhysicsAndroid/OneDwave/AndroidManifest.xml
	xmlns:android
		ADDED from PhysicsAndroid/OneDwave/AndroidManifest.xml:2:11-69
uses-sdk
ADDED from PhysicsAndroid/OneDwave/AndroidManifest.xml:7:5-43
	android:minSdkVersion
		ADDED from PhysicsAndroid/OneDwave/AndroidManifest.xml:7:15-40
supports-screens
ADDED from PhysicsAndroid/OneDwave/AndroidManifest.xml:9:5-15:8
	android:largeScreens
		ADDED from PhysicsAndroid/OneDwave/AndroidManifest.xml:10:6-33
	android:smallScreens
		ADDED from PhysicsAndroid/OneDwave/AndroidManifest.xml:12:6-33
	android:normalScreens
		ADDED from PhysicsAndroid/OneDwave/AndroidManifest.xml:11:6-34
	android:resizeable
		ADDED from PhysicsAndroid/OneDwave/AndroidManifest.xml:13:6-31
	android:anyDensity
		ADDED from PhysicsAndroid/OneDwave/AndroidManifest.xml:14:6-31
uses-permission#android.permission.CAMERA
ADDED from PhysicsAndroid/OneDwave/AndroidManifest.xml:17:5-65
	android:name
		ADDED from PhysicsAndroid/OneDwave/AndroidManifest.xml:17:22-62
uses-permission#android.permission.VIBRATE
ADDED from PhysicsAndroid/OneDwave/AndroidManifest.xml:18:5-66
	android:name
		ADDED from PhysicsAndroid/OneDwave/AndroidManifest.xml:18:22-63
uses-permission#android.permission.ACCESS_COARSE_LOCATION
ADDED from PhysicsAndroid/OneDwave/AndroidManifest.xml:19:5-81
	android:name
		ADDED from PhysicsAndroid/OneDwave/AndroidManifest.xml:19:22-78
uses-permission#android.permission.ACCESS_FINE_LOCATION
ADDED from PhysicsAndroid/OneDwave/AndroidManifest.xml:20:5-79
	android:name
		ADDED from PhysicsAndroid/OneDwave/AndroidManifest.xml:20:22-76
uses-permission#android.permission.ACCESS_LOCATION_EXTRA_COMMANDS
ADDED from PhysicsAndroid/OneDwave/AndroidManifest.xml:21:5-89
	android:name
		ADDED from PhysicsAndroid/OneDwave/AndroidManifest.xml:21:22-86
uses-permission#android.permission.INTERNET
ADDED from PhysicsAndroid/OneDwave/AndroidManifest.xml:22:5-67
	android:name
		ADDED from PhysicsAndroid/OneDwave/AndroidManifest.xml:22:22-64
uses-permission#android.permission.RECEIVE_SMS
ADDED from PhysicsAndroid/OneDwave/AndroidManifest.xml:23:5-70
	android:name
		ADDED from PhysicsAndroid/OneDwave/AndroidManifest.xml:23:22-67
uses-permission#android.permission.RECORD_AUDIO
ADDED from PhysicsAndroid/OneDwave/AndroidManifest.xml:24:5-71
	android:name
		ADDED from PhysicsAndroid/OneDwave/AndroidManifest.xml:24:22-68
uses-permission#android.permission.RECORD_VIDEO
ADDED from PhysicsAndroid/OneDwave/AndroidManifest.xml:25:5-70
	android:name
		ADDED from PhysicsAndroid/OneDwave/AndroidManifest.xml:25:22-68
uses-permission#android.permission.MODIFY_AUDIO_SETTINGS
ADDED from PhysicsAndroid/OneDwave/AndroidManifest.xml:26:5-80
	android:name
		ADDED from PhysicsAndroid/OneDwave/AndroidManifest.xml:26:22-77
uses-permission#android.permission.READ_CONTACTS
ADDED from PhysicsAndroid/OneDwave/AndroidManifest.xml:27:5-72
	android:name
		ADDED from PhysicsAndroid/OneDwave/AndroidManifest.xml:27:22-69
uses-permission#android.permission.WRITE_CONTACTS
ADDED from PhysicsAndroid/OneDwave/AndroidManifest.xml:28:5-73
	android:name
		ADDED from PhysicsAndroid/OneDwave/AndroidManifest.xml:28:22-70
uses-permission#android.permission.WRITE_EXTERNAL_STORAGE
ADDED from PhysicsAndroid/OneDwave/AndroidManifest.xml:29:5-81
	android:name
		ADDED from PhysicsAndroid/OneDwave/AndroidManifest.xml:29:22-78
uses-permission#android.permission.ACCESS_NETWORK_STATE
ADDED from PhysicsAndroid/OneDwave/AndroidManifest.xml:30:5-79
	android:name
		ADDED from PhysicsAndroid/OneDwave/AndroidManifest.xml:30:22-76
uses-permission#android.permission.GET_ACCOUNTS
ADDED from PhysicsAndroid/OneDwave/AndroidManifest.xml:31:5-71
	android:name
		ADDED from PhysicsAndroid/OneDwave/AndroidManifest.xml:31:22-68
uses-permission#android.permission.BROADCAST_STICKY
ADDED from PhysicsAndroid/OneDwave/AndroidManifest.xml:32:5-75
	android:name
		ADDED from PhysicsAndroid/OneDwave/AndroidManifest.xml:32:22-72
uses-feature#android.hardware.camera
ADDED from PhysicsAndroid/OneDwave/AndroidManifest.xml:34:5-60
	android:name
		ADDED from PhysicsAndroid/OneDwave/AndroidManifest.xml:34:19-57
uses-feature#android.hardware.camera.autofocus
ADDED from PhysicsAndroid/OneDwave/AndroidManifest.xml:35:5-70
	android:name
		ADDED from PhysicsAndroid/OneDwave/AndroidManifest.xml:35:19-67
application
ADDED from PhysicsAndroid/OneDwave/AndroidManifest.xml:37:5-47:19
	android:label
		ADDED from PhysicsAndroid/OneDwave/AndroidManifest.xml:38:9-41
	android:icon
		ADDED from PhysicsAndroid/OneDwave/AndroidManifest.xml:37:18-51
activity#jp.ac.u_ryukyu.phys.onedwave.MyPhoneGapActivity
ADDED from PhysicsAndroid/OneDwave/AndroidManifest.xml:39:9-46:20
	android:screenOrientation
		ADDED from PhysicsAndroid/OneDwave/AndroidManifest.xml:41:46-83
	android:label
		ADDED from PhysicsAndroid/OneDwave/AndroidManifest.xml:41:13-45
	android:configChanges
		ADDED from PhysicsAndroid/OneDwave/AndroidManifest.xml:39:19-69
	android:name
		ADDED from PhysicsAndroid/OneDwave/AndroidManifest.xml:40:13-47
intent-filter#android.intent.action.MAIN+android.intent.category.LAUNCHER
ADDED from PhysicsAndroid/OneDwave/AndroidManifest.xml:42:13-45:29
action#android.intent.action.MAIN
ADDED from PhysicsAndroid/OneDwave/AndroidManifest.xml:43:17-69
	android:name
		ADDED from PhysicsAndroid/OneDwave/AndroidManifest.xml:43:25-66
category#android.intent.category.LAUNCHER
ADDED from PhysicsAndroid/OneDwave/AndroidManifest.xml:44:17-77
	android:name
		ADDED from PhysicsAndroid/OneDwave/AndroidManifest.xml:44:27-74